file:///C:/Users/marcu/Desktop/Bot-Launcherzip/gfn-launcher.js:16
const { chromium } = require('playwright');
                     ^

ReferenceError: require is not defined in ES module scope, you can use import instead
This file is being treated as an ES module because it has a '.js' file extension and '\\?\C:\Users\marcu\Desktop\Bot-Launcherzip\package.json' contains "type": "module". To treat it as a CommonJS script, rename it to use the '.cjs' file extension.
    at file:///C:/Users/marcu/Desktop/Bot-Launcherzip/gfn-launcher.js:16:22
    at ModuleJob.run (node:internal/modules/esm/module_job:439:25)
    at async node:internal/modules/esm/loader:633:26
    at async asyncRunEntryPointWithESMLoader (node:internal/modules/run_main:101:5)

Node.js v24.16.0
node:internal/modules/cjs/loader:1503
  throw err;
  ^

Error: Cannot find module 'playwright'
Require stack:
- C:\Users\marcu\Desktop\Bot-Launcherzip\gfn-launcher.cjs
    at Module._resolveFilename (node:internal/modules/cjs/loader:1500:15)
    at wrapResolveFilename (node:internal/modules/cjs/loader:1071:27)
    at defaultResolveImplForCJSLoading (node:internal/modules/cjs/loader:1095:10)
    at resolveForCJSWithHooks (node:internal/modules/cjs/loader:1116:12)
    at Module._load (node:internal/modules/cjs/loader:1285:25)
    at wrapModuleLoad (node:internal/modules/cjs/loader:255:19)
    at Module.require (node:internal/modules/cjs/loader:1600:12)
    at require (node:internal/modules/helpers:153:16)
    at Object.<anonymous> (C:\Users\marcu\Desktop\Bot-Launcherzip\gfn-launcher.cjs:16:22)
    at Module._compile (node:internal/modules/cjs/loader:1854:14) {
  code: 'MODULE_NOT_FOUND',
  requireStack: [ 'C:\\Users\\marcu\\Desktop\\Bot-Launcherzip\\gfn-launcher.cjs' ]
}

Node.js v24.16.0
